Build started 3/27/2015 4:36:09 PM.
     1>Project "C:\Users\GuyR\GitHub\Chilli\Chilli\Chili DirectX Framework\Chili DirectX Framework.vcxproj" on node 2 (Build target(s)).
     1>ClCompile:
         C:\Program Files (x86)\Microsoft Visual Studio 12.0\VC\bin\CL.exe /c /Zi /nologo /W3 /WX- /O2 /Oy- /GL /D WIN32 /D NDEBUG /D _WINDOWS /D _UNICODE /D UNICODE /Gm- /EHsc /MD /GS /fp:precise /Zc:wchar_t /Zc:forScope /Fo"Release\\" /Fd"Release\vc120.pdb" /Gd /TP /analyze- /errorReport:prompt ..\Assets\D3DGraphics.cpp ..\Assets\Game.cpp
         D3DGraphics.cpp
     1>..\Assets\D3DGraphics.cpp(56): warning C4018: '<' : signed/unsigned mismatch
     1>..\Assets\D3DGraphics.cpp(58): warning C4018: '<' : signed/unsigned mismatch
     1>..\Assets\D3DGraphics.cpp(298): warning C4244: 'initializing' : conversion from 'const D3DCOLOR' to 'const unsigned char', possible loss of data
     1>..\Assets\D3DGraphics.cpp(301): warning C4244: 'initializing' : conversion from 'const D3DCOLOR' to 'const unsigned char', possible loss of data
         Game.cpp
     1>..\Assets\Game.cpp(35): warning C4244: 'argument' : conversion from 'time_t' to 'unsigned int', possible loss of data
     1>..\Assets\Game.cpp(43): warning C4244: '=' : conversion from 'int' to 'float', possible loss of data
     1>..\Assets\Game.cpp(44): warning C4244: '=' : conversion from 'int' to 'float', possible loss of data
     1>..\Assets\Game.cpp(70): warning C4996: 'sprintf': This function or variable may be unsafe. Consider using sprintf_s instead. To disable deprecation, use _CRT_SECURE_NO_WARNINGS. See online help for details.
                 C:\Program Files (x86)\Microsoft Visual Studio 12.0\VC\include\stdio.h(356) : see declaration of 'sprintf'
     1>..\Assets\Game.cpp(122): warning C4244: '=' : conversion from 'int' to 'float', possible loss of data
     1>..\Assets\Game.cpp(146): warning C4996: 'sprintf': This function or variable may be unsafe. Consider using sprintf_s instead. To disable deprecation, use _CRT_SECURE_NO_WARNINGS. See online help for details.
                 C:\Program Files (x86)\Microsoft Visual Studio 12.0\VC\include\stdio.h(356) : see declaration of 'sprintf'
     1>..\Assets\Game.cpp(148): warning C4996: 'sprintf': This function or variable may be unsafe. Consider using sprintf_s instead. To disable deprecation, use _CRT_SECURE_NO_WARNINGS. See online help for details.
                 C:\Program Files (x86)\Microsoft Visual Studio 12.0\VC\include\stdio.h(356) : see declaration of 'sprintf'
       Link:
         C:\Program Files (x86)\Microsoft Visual Studio 12.0\VC\bin\link.exe /ERRORREPORT:PROMPT /OUT:"C:\Users\GuyR\GitHub\Chilli\Chilli\Release\Chili DirectX Framework.exe" /INCREMENTAL:NO /NOLOGO dxerr.lib dxguid.lib d3dx9.lib d3dx10.lib d3d9.lib winmm.lib comctl32.lib kernel32.lib user32.lib gdi32.lib winspool.lib comdlg32.lib advapi32.lib shell32.lib ole32.lib oleaut32.lib uuid.lib odbc32.lib odbccp32.lib /MANIFEST /MANIFESTUAC:"level='asInvoker' uiAccess='false'" /manifest:embed /DEBUG /PDB:"C:\Users\GuyR\GitHub\Chilli\Chilli\Release\Chili DirectX Framework.pdb" /SUBSYSTEM:WINDOWS /OPT:REF /OPT:ICF /LTCG /TLBID:1 /DYNAMICBASE /NXCOMPAT /IMPLIB:"C:\Users\GuyR\GitHub\Chilli\Chilli\Release\Chili DirectX Framework.lib" /MACHINE:X86 /SAFESEH Release\Bitmap.obj
         Release\D3DGraphics.obj
         Release\Game.obj
         Release\Keyboard.obj
         Release\Mouse.obj
         Release\Sound.obj
         Release\Timer.obj
         Release\Windows.obj
         ..\Assets\ChiliDirectXFramework.res
         Generating code
         Finished generating code
         Chili DirectX Framework.vcxproj -> C:\Users\GuyR\GitHub\Chilli\Chilli\Release\Chili DirectX Framework.exe
     1>Done Building Project "C:\Users\GuyR\GitHub\Chilli\Chilli\Chili DirectX Framework\Chili DirectX Framework.vcxproj" (Build target(s)).

Build succeeded.

Time Elapsed 00:00:02.15
