Build started 3/27/2015 4:07:45 PM.
     1>Project "C:\Users\GuyR\GitHub\Chilli\Chilli\Chili DirectX Framework\Chili DirectX Framework.vcxproj" on node 2 (Build target(s)).
     1>ClCompile:
         C:\Program Files (x86)\Microsoft Visual Studio 12.0\VC\bin\CL.exe /c /ZI /nologo /W3 /WX- /Od /Oy- /D WIN32 /D _DEBUG /D _WINDOWS /D _UNICODE /D UNICODE /Gm /EHsc /RTC1 /MDd /GS /fp:precise /Zc:wchar_t /Zc:forScope /Fo"Debug\\" /Fd"Debug\vc120.pdb" /Gd /TP /analyze- /errorReport:prompt ..\Assets\D3DGraphics.cpp
         D3DGraphics.cpp
     1>c:\users\guyr\github\chilli\chilli\assets\d3dgraphics.cpp(53): warning C4018: '<' : signed/unsigned mismatch
     1>c:\users\guyr\github\chilli\chilli\assets\d3dgraphics.cpp(55): warning C4018: '<' : signed/unsigned mismatch
     1>c:\users\guyr\github\chilli\chilli\assets\d3dgraphics.cpp(294): warning C4244: 'initializing' : conversion from 'const D3DCOLOR' to 'const unsigned char', possible loss of data
     1>c:\users\guyr\github\chilli\chilli\assets\d3dgraphics.cpp(297): warning C4244: 'initializing' : conversion from 'const D3DCOLOR' to 'const unsigned char', possible loss of data
       Link:
         C:\Program Files (x86)\Microsoft Visual Studio 12.0\VC\bin\link.exe /ERRORREPORT:PROMPT /OUT:"C:\Users\GuyR\GitHub\Chilli\Chilli\Debug\Chili DirectX Framework.exe" /INCREMENTAL /NOLOGO dxerr.lib dxguid.lib d3dx9.lib d3dx10.lib d3d9.lib winmm.lib comctl32.lib kernel32.lib user32.lib gdi32.lib winspool.lib comdlg32.lib advapi32.lib shell32.lib ole32.lib oleaut32.lib uuid.lib odbc32.lib odbccp32.lib /MANIFEST /MANIFESTUAC:"level='asInvoker' uiAccess='false'" /manifest:embed /DEBUG /PDB:"C:\Users\GuyR\GitHub\Chilli\Chilli\Debug\Chili DirectX Framework.pdb" /SUBSYSTEM:WINDOWS /TLBID:1 /DYNAMICBASE /NXCOMPAT /IMPLIB:"C:\Users\GuyR\GitHub\Chilli\Chilli\Debug\Chili DirectX Framework.lib" /MACHINE:X86 Debug\Bitmap.obj
         Debug\D3DGraphics.obj
         Debug\Game.obj
         Debug\Keyboard.obj
         Debug\Mouse.obj
         Debug\Sound.obj
         Debug\Timer.obj
         Debug\Windows.obj
         ..\Assets\ChiliDirectXFramework.res
         Chili DirectX Framework.vcxproj -> C:\Users\GuyR\GitHub\Chilli\Chilli\Debug\Chili DirectX Framework.exe
     1>Done Building Project "C:\Users\GuyR\GitHub\Chilli\Chilli\Chili DirectX Framework\Chili DirectX Framework.vcxproj" (Build target(s)).

Build succeeded.

Time Elapsed 00:00:00.80
