c:\users\guyr\github\chilli\chilli\chili directx framework\debug\vc120.pdb
c:\users\guyr\github\chilli\chilli\chili directx framework\debug\vc120.idb
c:\users\guyr\github\chilli\chilli\chili directx framework\debug\bitmap.obj
c:\users\guyr\github\chilli\chilli\chili directx framework\debug\d3dgraphics.obj
c:\users\guyr\github\chilli\chilli\chili directx framework\debug\game.obj
c:\users\guyr\github\chilli\chilli\chili directx framework\debug\keyboard.obj
c:\users\guyr\github\chilli\chilli\chili directx framework\debug\mouse.obj
c:\users\guyr\github\chilli\chilli\chili directx framework\debug\sound.obj
c:\users\guyr\github\chilli\chilli\chili directx framework\debug\sprite.obj
c:\users\guyr\github\chilli\chilli\chili directx framework\debug\testmapstring.obj
c:\users\guyr\github\chilli\chilli\chili directx framework\debug\tile.obj
c:\users\guyr\github\chilli\chilli\chili directx framework\debug\tilemap.obj
c:\users\guyr\github\chilli\chilli\chili directx framework\debug\timer.obj
c:\users\guyr\github\chilli\chilli\chili directx framework\debug\windows.obj
c:\users\guyr\github\chilli\chilli\chili directx framework\debug\playerrunning.obj
c:\users\guyr\github\chilli\chilli\chili directx framework\debug\playerstanding.obj
c:\users\guyr\github\chilli\chilli\chili directx framework\debug\spritecontroller.obj
c:\users\guyr\github\chilli\chilli\debug\platformer.ilk
c:\users\guyr\github\chilli\chilli\debug\platformer.exe
c:\users\guyr\github\chilli\chilli\debug\platformer.pdb
c:\users\guyr\github\chilli\chilli\chili directx framework\debug\platformer.tlog\cl.command.1.tlog
c:\users\guyr\github\chilli\chilli\chili directx framework\debug\platformer.tlog\cl.read.1.tlog
c:\users\guyr\github\chilli\chilli\chili directx framework\debug\platformer.tlog\cl.write.1.tlog
c:\users\guyr\github\chilli\chilli\chili directx framework\debug\platformer.tlog\link.command.1.tlog
c:\users\guyr\github\chilli\chilli\chili directx framework\debug\platformer.tlog\link.read.1.tlog
c:\users\guyr\github\chilli\chilli\chili directx framework\debug\platformer.tlog\link.write.1.tlog
